src/app/(app)/albums/[id]/page.tsx(429,36): error TS2345: Argument of type 'string | undefined' is not assignable to parameter of type 'string'.
  Type 'undefined' is not assignable to type 'string'.
src/app/(app)/albums/[id]/page.tsx(646,53): error TS2345: Argument of type 'string | undefined' is not assignable to parameter of type 'string'.
  Type 'undefined' is not assignable to type 'string'.
src/app/(app)/albums/[id]/page.tsx(649,19): error TS2322: Type 'string | undefined' is not assignable to type 'string | StaticImport'.
  Type 'undefined' is not assignable to type 'string | StaticImport'.
src/app/(app)/albums/[id]/page.tsx(653,48): error TS2345: Argument of type 'string | undefined' is not assignable to parameter of type 'string'.
  Type 'undefined' is not assignable to type 'string'.
src/app/(app)/albums/[id]/page.tsx(662,45): error TS2345: Argument of type 'string | undefined' is not assignable to parameter of type 'string'.
  Type 'undefined' is not assignable to type 'string'.
src/app/(app)/albums/[id]/page.tsx(669,45): error TS2345: Argument of type 'string | undefined' is not assignable to parameter of type 'string'.
  Type 'undefined' is not assignable to type 'string'.
src/app/(app)/albums/[id]/page.tsx(671,48): error TS2345: Argument of type 'string | undefined' is not assignable to parameter of type 'string'.
  Type 'undefined' is not assignable to type 'string'.
src/app/(app)/albums/[id]/page.tsx(676,46): error TS2345: Argument of type 'string | undefined' is not assignable to parameter of type 'string'.
  Type 'undefined' is not assignable to type 'string'.
src/app/(app)/albums/new/page.tsx(71,5): error TS2322: Type 'Resolver<{ title: string; description?: string | undefined; visibility?: "public" | "private" | "friends" | undefined; start_date?: string | undefined; end_date?: string | undefined; }, any, { ...; }>' is not assignable to type 'Resolver<{ title: string; visibility: "public" | "private" | "friends"; description?: string | undefined; start_date?: string | undefined; end_date?: string | undefined; }, any, { title: string; visibility: "public" | ... 1 more ... | "friends"; description?: string | undefined; start_date?: string | undefined; end_...'.
  Types of parameters 'options' and 'options' are incompatible.
    Type 'ResolverOptions<{ title: string; visibility: "public" | "private" | "friends"; description?: string | undefined; start_date?: string | undefined; end_date?: string | undefined; }>' is not assignable to type 'ResolverOptions<{ title: string; description?: string | undefined; visibility?: "public" | "private" | "friends" | undefined; start_date?: string | undefined; end_date?: string | undefined; }>'.
      Type '"public" | "private" | "friends" | undefined' is not assignable to type '"public" | "private" | "friends"'.
        Type 'undefined' is not assignable to type '"public" | "private" | "friends"'.
src/app/(app)/albums/new/page.tsx(156,40): error TS2339: Property 'city' does not exist on type 'LocationData'.
src/app/(app)/albums/new/page.tsx(157,39): error TS2551: Property 'countryCode' does not exist on type 'LocationData'. Did you mean 'country_code'?
src/app/(app)/albums/new/page.tsx(263,35): error TS2345: Argument of type '(data: AlbumFormData) => Promise<void>' is not assignable to parameter of type 'SubmitHandler<TFieldValues>'.
  Types of parameters 'data' and 'data' are incompatible.
    Type 'TFieldValues' is not assignable to type '{ title: string; visibility: "public" | "private" | "friends"; description?: string | undefined; start_date?: string | undefined; end_date?: string | undefined; }'.
      Type 'FieldValues' is missing the following properties from type '{ title: string; visibility: "public" | "private" | "friends"; description?: string | undefined; start_date?: string | undefined; end_date?: string | undefined; }': title, visibility
src/app/(app)/albums/new/page.tsx(280,36): error TS2345: Argument of type '(data: AlbumFormData) => Promise<void>' is not assignable to parameter of type 'SubmitHandler<TFieldValues>'.
  Types of parameters 'data' and 'data' are incompatible.
    Type 'TFieldValues' is not assignable to type '{ title: string; visibility: "public" | "private" | "friends"; description?: string | undefined; start_date?: string | undefined; end_date?: string | undefined; }'.
      Type 'FieldValues' is missing the following properties from type '{ title: string; visibility: "public" | "private" | "friends"; description?: string | undefined; start_date?: string | undefined; end_date?: string | undefined; }': title, visibility
src/app/(app)/albums/page.tsx(338,46): error TS2345: Argument of type 'string | undefined' is not assignable to parameter of type 'string'.
  Type 'undefined' is not assignable to type 'string'.
src/app/(app)/profile/[userId]/page.tsx(68,48): error TS2345: Argument of type 'string | undefined' is not assignable to parameter of type 'string'.
  Type 'undefined' is not assignable to type 'string'.
src/app/(app)/profile/[userId]/page.tsx(69,27): error TS2345: Argument of type '"pending" | "not_following" | "following" | "blocked"' is not assignable to parameter of type 'SetStateAction<"pending" | "following" | "not-following">'.
  Type '"not_following"' is not assignable to type 'SetStateAction<"pending" | "following" | "not-following">'. Did you mean '"not-following"'?
src/app/(app)/profile/page.tsx(113,28): error TS2345: Argument of type 'string | undefined' is not assignable to parameter of type 'string'.
  Type 'undefined' is not assignable to type 'string'.
src/app/(app)/settings/page.tsx(61,23): error TS2345: Argument of type '"public" | "private" | "friends" | undefined' is not assignable to parameter of type 'SetStateAction<"public" | "private" | "friends">'.
  Type 'undefined' is not assignable to type 'SetStateAction<"public" | "private" | "friends">'.
src/app/(app)/stories/actions.ts(194,11): error TS2322: Type '{ id: any; user_id: any; image_url: any; expires_at: any; created_at: any; user: { id: any; username: any; display_name: any; avatar_url: any; }; is_owner: boolean; }[]' is not assignable to type 'StoryFeedItem[]'.
  Type '{ id: any; user_id: any; image_url: any; expires_at: any; created_at: any; user: { id: any; username: any; display_name: any; avatar_url: any; }; is_owner: boolean; }' is missing the following properties from type 'StoryFeedItem': album_id, media_url, country_code, stats
src/app/(app)/stories/actions.ts(512,11): error TS2322: Type '{ id: any; user_id: any; image_url: any; expires_at: any; created_at: any; user: { id: any; username: any; display_name: any; avatar_url: any; }; is_owner: boolean; }[]' is not assignable to type 'StoryFeedItem[]'.
  Type '{ id: any; user_id: any; image_url: any; expires_at: any; created_at: any; user: { id: any; username: any; display_name: any; avatar_url: any; }; is_owner: boolean; }' is missing the following properties from type 'StoryFeedItem': album_id, media_url, country_code, stats
src/app/(app)/stories/page.tsx(64,16): error TS2352: Conversion of type '{ album: undefined; stats: undefined; user_guess: undefined; is_expired: boolean; is_owner: any; can_view: boolean; can_guess: boolean; id: string; user_id: string; album_id: string; media_url: string; country_code: string; created_at: string; expires_at: string; user?: User; }' to type 'StoryWithStats' may be a mistake because neither type sufficiently overlaps with the other. If this was intentional, convert the expression to 'unknown' first.
  Type '{ album: undefined; stats: undefined; user_guess: undefined; is_expired: boolean; is_owner: any; can_view: boolean; can_guess: boolean; id: string; user_id: string; album_id: string; media_url: string; country_code: string; created_at: string; expires_at: string; user?: User | undefined; }' is missing the following properties from type 'StoryWithStats': media_type, posted_at, view_count
src/app/(app)/stories/page.tsx(70,27): error TS2339: Property 'is_owner' does not exist on type 'StoryFeedItem'.
src/app/(app)/stories/page.tsx(72,29): error TS2339: Property 'is_owner' does not exist on type 'StoryFeedItem'.
src/app/(app)/stories/page.tsx(90,9): error TS2353: Object literal may only specify known properties, and 'guess_code' does not exist in type 'GuessStoryRequest'.
src/components/dashboard/TravelAchievements.tsx(6,30): error TS2307: Cannot find module '@/components/ui/charts' or its corresponding type declarations.
src/components/dashboard/TravelInsights.tsx(7,38): error TS2307: Cannot find module '@/components/ui/charts' or its corresponding type declarations.
src/components/feed/MiniGlobe.tsx(26,20): error TS2554: Expected 1 arguments, but got 0.
src/components/feed/MiniGlobe.tsx(104,9): error TS2769: No overload matches this call.
  Overload 1 of 2, '(props: GlobeProps & { ref?: MutableRefObject<GlobeMethods | undefined> | undefined; }): string | number | bigint | boolean | ... 5 more ... | undefined', gave the following error.
    Type '{ ref: RefObject<any>; globeImageUrl: string; bumpImageUrl: string; backgroundColor: string; pointOfView: { lat: number; lng: number; altitude: number; }; onGlobeReady: () => void; htmlElementsData: { ...; }[]; ... 7 more ...; height: number; }' is not assignable to type 'IntrinsicAttributes & GlobeProps & { ref?: MutableRefObject<GlobeMethods | undefined> | undefined; }'.
      Property 'pointOfView' does not exist on type 'IntrinsicAttributes & GlobeProps & { ref?: MutableRefObject<GlobeMethods | undefined> | undefined; }'.
  Overload 2 of 2, '(props: GlobeProps & { ref?: MutableRefObject<GlobeMethods | undefined> | undefined; }, context?: any): string | number | bigint | ... 6 more ... | undefined', gave the following error.
    Type '{ ref: RefObject<any>; globeImageUrl: string; bumpImageUrl: string; backgroundColor: string; pointOfView: { lat: number; lng: number; altitude: number; }; onGlobeReady: () => void; htmlElementsData: { ...; }[]; ... 7 more ...; height: number; }' is not assignable to type 'IntrinsicAttributes & GlobeProps & { ref?: MutableRefObject<GlobeMethods | undefined> | undefined; }'.
      Property 'pointOfView' does not exist on type 'IntrinsicAttributes & GlobeProps & { ref?: MutableRefObject<GlobeMethods | undefined> | undefined; }'.
src/components/globe/AlbumImageModal.tsx(40,3): error TS2739: Type '{ id: string; file_path: string; caption: string; album_id: string; user_id: string; processing_status: string; order_index: number; created_at: string; }' is missing the following properties from type 'Photo': is_favorite, updated_at
src/components/globe/CityPinSystem.tsx(111,19): error TS2345: Argument of type 'import("c:/Users/msidh/Documents/Adventure Log Application/src/types/globe").CityPin' is not assignable to parameter of type 'import("c:/Users/msidh/Documents/Adventure Log Application/src/components/globe/CityPinSystem").CityPin'.
  Types of property 'isActive' are incompatible.
    Type 'boolean | undefined' is not assignable to type 'boolean'.
      Type 'undefined' is not assignable to type 'boolean'.
src/components/globe/CityPinSystem.tsx(113,22): error TS2345: Argument of type 'import("c:/Users/msidh/Documents/Adventure Log Application/src/types/globe").CityCluster' is not assignable to parameter of type 'import("c:/Users/msidh/Documents/Adventure Log Application/src/components/globe/CityPinSystem").CityCluster'.
  Types of property 'cities' are incompatible.
    Type 'import("c:/Users/msidh/Documents/Adventure Log Application/src/types/globe").CityPin[]' is not assignable to type 'import("c:/Users/msidh/Documents/Adventure Log Application/src/components/globe/CityPinSystem").CityPin[]'.
      Type 'import("c:/Users/msidh/Documents/Adventure Log Application/src/types/globe").CityPin' is not assignable to type 'import("c:/Users/msidh/Documents/Adventure Log Application/src/components/globe/CityPinSystem").CityPin'.
        Types of property 'isActive' are incompatible.
          Type 'boolean | undefined' is not assignable to type 'boolean'.
            Type 'undefined' is not assignable to type 'boolean'.
src/components/globe/EnhancedGlobe.tsx(1701,19): error TS2322: Type 'FlightAnimationState | null' is not assignable to type 'FlightState | null'.
  Type 'FlightAnimationState' is missing the following properties from type 'FlightState': isFlying, fromLat, fromLng, toLat, and 2 more.
src/components/social/Comments.tsx(68,47): error TS2339: Property 'profiles' does not exist on type 'Comment'.
src/components/social/Comments.tsx(70,32): error TS2339: Property 'profiles' does not exist on type 'Comment'.
src/components/social/Comments.tsx(71,32): error TS2339: Property 'profiles' does not exist on type 'Comment'.
src/components/social/Comments.tsx(80,36): error TS2339: Property 'profiles' does not exist on type 'Comment'.
src/components/social/Comments.tsx(80,70): error TS2339: Property 'profiles' does not exist on type 'Comment'.
src/components/social/Comments.tsx(102,32): error TS2339: Property 'content' does not exist on type 'Comment'.
src/components/stories/CreateStoryModal.tsx(53,60): error TS2339: Property 'cover_image_url' does not exist on type 'Album'.
src/components/stories/CreateStoryModal.tsx(54,36): error TS2339: Property 'cover_image_url' does not exist on type 'Album'.
src/components/stories/CreateStoryModal.tsx(72,30): error TS2339: Property 'cover_image_url' does not exist on type 'AlbumWithStoryEligibility'.
src/components/stories/CreateStoryModal.tsx(82,9): error TS2353: Object literal may only specify known properties, and 'image_url' does not exist in type 'CreateStoryRequest'.
src/components/stories/CreateStoryModal.tsx(170,42): error TS2339: Property 'cover_image_url' does not exist on type 'AlbumWithStoryEligibility'.
src/components/stories/CreateStoryModal.tsx(172,50): error TS2339: Property 'cover_image_url' does not exist on type 'AlbumWithStoryEligibility'.
src/components/stories/CreateStoryModal.tsx(221,40): error TS2339: Property 'cover_image_url' does not exist on type 'AlbumWithStoryEligibility'.
src/components/stories/CreateStoryModal.tsx(223,48): error TS2339: Property 'cover_image_url' does not exist on type 'AlbumWithStoryEligibility'.
src/components/stories/CreateStoryModal.tsx(240,64): error TS2339: Property 'cover_image_url' does not exist on type 'AlbumWithStoryEligibility'.
src/components/stories/CreateStoryModal.tsx(241,41): error TS2339: Property 'cover_image_url' does not exist on type 'AlbumWithStoryEligibility'.
src/components/stories/StoryTray.tsx(236,36): error TS2339: Property 'image_url' does not exist on type 'StoryFeedItem'.
src/components/stories/StoryTray.tsx(237,33): error TS18048: 'story.user' is possibly 'undefined'.
src/components/stories/StoryTray.tsx(237,60): error TS18048: 'story.user' is possibly 'undefined'.
src/components/stories/StoryTray.tsx(254,24): error TS2339: Property 'has_viewed' does not exist on type 'StoryFeedItem'.
src/components/stories/StoryTray.tsx(266,20): error TS18048: 'story.user' is possibly 'undefined'.
src/components/stories/StoryTray.tsx(266,47): error TS18048: 'story.user' is possibly 'undefined'.
src/components/stories/StoryViewer.tsx(42,34): error TS2339: Property 'can_guess' does not exist on type 'StoryWithStats'.
src/components/stories/StoryViewer.tsx(42,61): error TS2339: Property 'is_expired' does not exist on type 'StoryWithStats'.
src/components/stories/StoryViewer.tsx(43,38): error TS2339: Property 'user_guess' does not exist on type 'StoryWithStats'.
src/components/stories/StoryViewer.tsx(44,58): error TS2339: Property 'is_expired' does not exist on type 'StoryWithStats'.
src/components/stories/StoryViewer.tsx(44,86): error TS2339: Property 'is_owner' does not exist on type 'StoryWithStats'.
src/components/stories/StoryViewer.tsx(127,11): error TS2353: Object literal may only specify known properties, and 'guess_code' does not exist in type 'GuessStoryRequest'.
src/components/stories/StoryViewer.tsx(250,31): error TS2339: Property 'is_expired' does not exist on type 'StoryWithStats'.
src/components/stories/StoryViewer.tsx(305,31): error TS2339: Property 'image_url' does not exist on type 'StoryWithStats'.
src/components/stories/StoryViewer.tsx(372,57): error TS2339: Property 'country_code' does not exist on type 'StoryWithStats'.
src/components/stories/StoryViewer.tsx(374,51): error TS2339: Property 'user_guess' does not exist on type 'StoryWithStats'.
src/components/stories/StoryViewer.tsx(374,91): error TS2339: Property 'country_code' does not exist on type 'StoryWithStats'.
src/components/stories/StoryViewer.tsx(379,62): error TS2339: Property 'country_code' does not exist on type 'StoryWithStats'.
src/components/stories/StoryViewer.tsx(383,76): error TS2339: Property 'user_guess' does not exist on type 'StoryWithStats'.
src/components/stories/StoryViewer.tsx(384,39): error TS2339: Property 'user_guess' does not exist on type 'StoryWithStats'.
src/components/stories/StoryViewer.tsx(384,79): error TS2339: Property 'country_code' does not exist on type 'StoryWithStats'.
src/components/stories/StoryViewer.tsx(394,56): error TS2339: Property 'is_owner' does not exist on type 'StoryWithStats'.
src/components/stories/StoryViewer.tsx(394,81): error TS2339: Property 'is_expired' does not exist on type 'StoryWithStats'.
src/components/stories/StoryViewer.tsx(404,49): error TS2339: Property 'total_guesses' does not exist on type 'StoryStats'.
src/components/stories/StoryViewer.tsx(410,49): error TS2339: Property 'correct_percentage' does not exist on type 'StoryStats'.
src/components/stories/StoryViewer.tsx(416,43): error TS2339: Property 'top_guesses' does not exist on type 'StoryStats'.
src/components/stories/StoryViewer.tsx(420,49): error TS2339: Property 'top_guesses' does not exist on type 'StoryStats'.
src/components/stories/StoryViewer.tsx(420,78): error TS7006: Parameter 'guess' implicitly has an 'any' type.
src/lib/utils/lazy-loader.tsx(4,26): error TS2307: Cannot find module '@/components/ui/loading-skeleton' or its corresponding type declarations.
src/lib/utils/lazy-loader.tsx(144,18): error TS2307: Cannot find module '@/components/weather/WeatherWidget' or its corresponding type declarations.
src/lib/utils/lazy-loader.tsx(149,18): error TS2307: Cannot find module '@/components/weather/WeatherForecast' or its corresponding type declarations.
src/lib/utils/lazy-loader.tsx(166,18): error TS2307: Cannot find module '@/components/ui/advanced-charts' or its corresponding type declarations.
src/lib/utils/lazy-loading.tsx(8,15): error TS2724: '"@/components/photos/PhotoViewer"' has no exported member named 'PhotoViewerProps'. Did you mean 'PhotoViewer'?
src/lib/utils/lazy-loading.tsx(9,46): error TS2307: Cannot find module '@/components/photos/OptimizedPhotoGrid' or its corresponding type declarations.
src/lib/utils/lazy-loading.tsx(10,41): error TS2307: Cannot find module '@/components/weather/WeatherWidget' or its corresponding type declarations.
src/lib/utils/lazy-loading.tsx(11,43): error TS2307: Cannot find module '@/components/weather/WeatherForecast' or its corresponding type declarations.
src/lib/utils/lazy-loading.tsx(12,37): error TS2307: Cannot find module '@/components/ui/advanced-charts' or its corresponding type declarations.
src/lib/utils/lazy-loading.tsx(133,28): error TS2307: Cannot find module '@/components/photos/OptimizedPhotoGrid' or its corresponding type declarations.
src/lib/utils/lazy-loading.tsx(136,28): error TS2307: Cannot find module '@/components/weather/WeatherWidget' or its corresponding type declarations.
src/lib/utils/lazy-loading.tsx(139,28): error TS2307: Cannot find module '@/components/weather/WeatherForecast' or its corresponding type declarations.
src/lib/utils/lazy-loading.tsx(148,28): error TS2307: Cannot find module '@/components/ui/advanced-charts' or its corresponding type declarations.
